<?xml version="1.0" encoding="UTF-8"?>
<!-- Generated by org.testng.reporters.JUnitXMLReporter -->
<testsuite ignored="7" hostname="DESKTOP-E9NU9A2" failures="0" tests="15" name="Surefire test" time="115.2" errors="0" timestamp="2023-11-16T14:39:24 EST">
  <testcase classname="com.naveenautomation.test.AccountPageTest" name="validateNewsletterSubscription" time="4.443"/>
  <testcase classname="com.naveenautomation.test.ContactSuccessPageTest" name="validateIfUserCanContact" time="4.841"/>
  <testcase classname="com.naveenautomation.test.LoginPageTest" name="validateIfUserCanNotLoginIn" time="1.299"/>
  <testcase classname="com.naveenautomation.test.LoginPageTest" name="validateLoginCredentials" time="1.915"/>
  <testcase classname="com.naveenautomation.test.LoginPageTest" name="valideIfUserCanLoginWithMultipleCredentials" time="2.174"/>
  <testcase classname="com.naveenautomation.test.LoginPageTest" name="valideIfUserCanLoginWithMultipleCredentials" time="1.955"/>
  <testcase classname="com.naveenautomation.test.LoginPageTest" name="valideIfUserCanLoginWithMultipleCredentials" time="1.326"/>
  <testcase classname="com.naveenautomation.test.LoginPageTest" name="valideIfUserCanLoginWithMultipleCredentials" time="1.552"/>
  <testcase classname="com.naveenautomation.test.LogoutPageTest" name="validateIfUserCanLogout" time="3.276"/>
  <testcase classname="com.naveenautomation.test.MacbookPageTest" name="validateIfSearchItemDisplayed" time="3.259"/>
  <testcase classname="com.naveenautomation.test.ProductDetailsPageTest" name="validateCompareProductButton" time="4.252"/>
  <testcase classname="com.naveenautomation.test.ProductDetailsPageTest" name="validateItemAddToWishlist" time="3.966"/>
  <testcase classname="com.naveenautomation.test.ProductDetailsPageTest" name="validatePriceOfProduct" time="3.539"/>
  <testcase classname="com.naveenautomation.test.ProductDetailsPageTest" name="validateTiltleOfProduct" time="3.443"/>
  <testcase classname="com.naveenautomation.test.RewardPageTest" name="validateNumberOfRewardPoints" time="2.951"/>
  <testcase classname="com.naveenautomation.test.WishlistPageTest" name="validateModificationInWishList" time="0.0">
    <ignored/>
  </testcase> <!-- validateModificationInWishList -->
  <testcase classname="com.naveenautomation.test.ProductDetailsPageTest" name="validateAddToCart" time="0.0">
    <ignored/>
  </testcase> <!-- validateAddToCart -->
  <testcase classname="com.naveenautomation.test.ReturnPageTest" name="validateIfUserDidNotMakeAnyReturn" time="0.0">
    <ignored/>
  </testcase> <!-- validateIfUserDidNotMakeAnyReturn -->
  <testcase classname="com.naveenautomation.test.CheckoutPageTest" name="validateInvalidCouponCode" time="0.0">
    <ignored/>
  </testcase> <!-- validateInvalidCouponCode -->
  <testcase classname="com.naveenautomation.test.AccountPageTest" name="validateCurrencyChange" time="0.0">
    <ignored/>
  </testcase> <!-- validateCurrencyChange -->
  <testcase classname="com.naveenautomation.test.AccountPageTest" name="validateIfUserCanChangePassword" time="0.0">
    <ignored/>
  </testcase> <!-- validateIfUserCanChangePassword -->
  <testcase classname="com.naveenautomation.test.AddressBookPageTest" name="validateEditAddress" time="0.0">
    <ignored/>
  </testcase> <!-- validateEditAddress -->
</testsuite> <!-- Surefire test -->
