<?xml version="1.0" encoding="UTF-8"?>
<!-- Generated by org.testng.reporters.JUnitXMLReporter -->
<testsuite ignored="2" hostname="DESKTOP-E9NU9A2" failures="0" tests="1" name="Default test" time="11.05" errors="0" timestamp="2023-11-05T13:54:29 EST">
  <testcase classname="com.naveenautomation.test.LoginPageTest" name="validateLoginCredentials" time="1.836"/>
  <testcase classname="com.naveenautomation.test.LoginPageTest" name="valideIfUserCanLoginWithMultipleCredentials" time="0.0">
    <ignored/>
  </testcase> <!-- valideIfUserCanLoginWithMultipleCredentials -->
  <testcase classname="com.naveenautomation.test.LoginPageTest" name="validateIfUserCanNotLoginIn" time="0.0">
    <ignored/>
  </testcase> <!-- validateIfUserCanNotLoginIn -->
</testsuite> <!-- Default test -->
