<?xml version="1.0" encoding="UTF-8"?>
<!-- Generated by org.testng.reporters.JUnitXMLReporter -->
<testsuite ignored="0" hostname="DESKTOP-E9NU9A2" failures="1" tests="20" name="Test" time="139.148" errors="0" timestamp="2023-11-15T23:15:36 EST">
  <testcase classname="com.naveenautomation.test.ReturnPageTest" name="validateIfUserdidAReturn" time="3.133"/>
  <testcase classname="com.naveenautomation.test.ContactSuccessPageTest" name="validateIfUserCanContact" time="3.242"/>
  <testcase classname="com.naveenautomation.test.MacbookPageTest" name="validateIfSearchItemDisplayed" time="2.894"/>
  <testcase classname="com.naveenautomation.test.CheckoutPageTest" name="validateInvalidCouponCode" time="2.589">
    <failure type="java.lang.AssertionError" message="Invalid coupon is working expected [Warning: Coupon is either invalid, expired or reached its usage limit!
×] but found [Products marked with *** are not available in the desired quantity or not in stock!
×]">
      <![CDATA[java.lang.AssertionError: Invalid coupon is working expected [Warning: Coupon is either invalid, expired or reached its usage limit!
×] but found [Products marked with *** are not available in the desired quantity or not in stock!
×]
at com.naveenautomation.test.CheckoutPageTest.validateInvalidCouponCode(CheckoutPageTest.java:28)
at java.base/java.util.ArrayList.forEach(ArrayList.java:1511)
... Removed 32 stack frames]]>
    </failure>
  </testcase> <!-- validateInvalidCouponCode -->
  <testcase classname="com.naveenautomation.test.LogoutPageTest" name="validateIfUserCanLogout" time="2.732"/>
  <testcase classname="com.naveenautomation.test.AccountPageTest" name="validateCurrencyChange" time="2.406"/>
  <testcase classname="com.naveenautomation.test.AccountPageTest" name="validateNewsletterSubscription" time="3.45"/>
  <testcase classname="com.naveenautomation.test.LoginPageTest" name="validateIfUserCanNotLoginIn" time="0.922"/>
  <testcase classname="com.naveenautomation.test.LoginPageTest" name="validateLoginCredentials" time="1.484"/>
  <testcase classname="com.naveenautomation.test.LoginPageTest" name="valideIfUserCanLoginWithMultipleCredentials" time="1.399"/>
  <testcase classname="com.naveenautomation.test.LoginPageTest" name="valideIfUserCanLoginWithMultipleCredentials" time="1.395"/>
  <testcase classname="com.naveenautomation.test.LoginPageTest" name="valideIfUserCanLoginWithMultipleCredentials" time="1.124"/>
  <testcase classname="com.naveenautomation.test.LoginPageTest" name="valideIfUserCanLoginWithMultipleCredentials" time="1.205"/>
  <testcase classname="com.naveenautomation.test.ProductDetailsPageTest" name="validateAddToCart" time="3.807"/>
  <testcase classname="com.naveenautomation.test.ProductDetailsPageTest" name="validateCompareProductButton" time="3.372"/>
  <testcase classname="com.naveenautomation.test.ProductDetailsPageTest" name="validateItemAddToWishlist" time="3.625"/>
  <testcase classname="com.naveenautomation.test.ProductDetailsPageTest" name="validatePriceOfProduct" time="2.404"/>
  <testcase classname="com.naveenautomation.test.ProductDetailsPageTest" name="validateTiltleOfProduct" time="3.109"/>
  <testcase classname="com.naveenautomation.test.WishlistPageTest" name="validateModificationInWishList" time="4.427"/>
  <testcase classname="com.naveenautomation.test.RewardPageTest" name="validateNumberOfRewardPoints" time="2.509"/>
</testsuite> <!-- Test -->
