<?xml version="1.0" encoding="UTF-8"?>
<testng-results ignored="7" total="22" passed="15" failed="0" skipped="0">
  <reporter-output>
  </reporter-output>
  <suite started-at="2023-11-16T14:37:28 EST" name="Surefire suite" finished-at="2023-11-16T14:39:24 EST" duration-ms="115200">
    <groups>
    </groups>
    <test started-at="2023-11-16T14:37:28 EST" name="Surefire test" finished-at="2023-11-16T14:39:24 EST" duration-ms="115200">
      <class name="com.naveenautomation.test.AccountPageTest">
        <test-method is-config="true" signature="loggerSteup()[pri:0, instance:com.naveenautomation.test.AccountPageTest@7098b907]" started-at="2023-11-16T14:37:29 EST" name="loggerSteup" finished-at="2023-11-16T14:37:29 EST" duration-ms="124" status="PASS">
          <reporter-output>
          </reporter-output>
        </test-method> <!-- loggerSteup -->
        <test-method is-config="true" signature="setUp()[pri:0, instance:com.naveenautomation.test.AccountPageTest@7098b907]" started-at="2023-11-16T14:37:29 EST" name="setUp" finished-at="2023-11-16T14:37:37 EST" duration-ms="7835" status="PASS">
          <reporter-output>
          </reporter-output>
        </test-method> <!-- setUp -->
        <test-method signature="validateNewsletterSubscription()[pri:0, instance:com.naveenautomation.test.AccountPageTest@7098b907]" started-at="2023-11-16T14:37:37 EST" name="validateNewsletterSubscription" finished-at="2023-11-16T14:37:41 EST" duration-ms="4443" status="PASS">
          <reporter-output>
          </reporter-output>
        </test-method> <!-- validateNewsletterSubscription -->
        <test-method is-config="true" signature="closeDown()[pri:0, instance:com.naveenautomation.test.AccountPageTest@7098b907]" started-at="2023-11-16T14:37:41 EST" name="closeDown" finished-at="2023-11-16T14:37:41 EST" duration-ms="219" status="PASS">
          <reporter-output>
          </reporter-output>
        </test-method> <!-- closeDown -->
      </class> <!-- com.naveenautomation.test.AccountPageTest -->
      <class name="com.naveenautomation.test.RewardPageTest">
        <test-method is-config="true" signature="setUp()[pri:0, instance:com.naveenautomation.test.RewardPageTest@3b6d844d]" started-at="2023-11-16T14:39:16 EST" name="setUp" finished-at="2023-11-16T14:39:21 EST" duration-ms="4081" status="PASS">
          <reporter-output>
          </reporter-output>
        </test-method> <!-- setUp -->
        <test-method is-config="true" signature="loggerSteup()[pri:0, instance:com.naveenautomation.test.RewardPageTest@3b6d844d]" started-at="2023-11-16T14:39:16 EST" name="loggerSteup" finished-at="2023-11-16T14:39:16 EST" duration-ms="0" status="PASS">
          <reporter-output>
          </reporter-output>
        </test-method> <!-- loggerSteup -->
        <test-method signature="validateNumberOfRewardPoints()[pri:0, instance:com.naveenautomation.test.RewardPageTest@3b6d844d]" started-at="2023-11-16T14:39:21 EST" name="validateNumberOfRewardPoints" finished-at="2023-11-16T14:39:23 EST" duration-ms="2951" status="PASS">
          <reporter-output>
          </reporter-output>
        </test-method> <!-- validateNumberOfRewardPoints -->
        <test-method is-config="true" signature="closeDown()[pri:0, instance:com.naveenautomation.test.RewardPageTest@3b6d844d]" started-at="2023-11-16T14:39:23 EST" name="closeDown" finished-at="2023-11-16T14:39:24 EST" duration-ms="155" status="PASS">
          <reporter-output>
          </reporter-output>
        </test-method> <!-- closeDown -->
      </class> <!-- com.naveenautomation.test.RewardPageTest -->
      <class name="com.naveenautomation.test.MacbookPageTest">
        <test-method is-config="true" signature="loggerSteup()[pri:0, instance:com.naveenautomation.test.MacbookPageTest@17503f6b]" started-at="2023-11-16T14:38:36 EST" name="loggerSteup" finished-at="2023-11-16T14:38:36 EST" duration-ms="3" status="PASS">
          <reporter-output>
          </reporter-output>
        </test-method> <!-- loggerSteup -->
        <test-method is-config="true" signature="setUp()[pri:0, instance:com.naveenautomation.test.MacbookPageTest@17503f6b]" started-at="2023-11-16T14:38:36 EST" name="setUp" finished-at="2023-11-16T14:38:40 EST" duration-ms="4156" status="PASS">
          <reporter-output>
          </reporter-output>
        </test-method> <!-- setUp -->
        <test-method signature="validateIfSearchItemDisplayed()[pri:0, instance:com.naveenautomation.test.MacbookPageTest@17503f6b]" started-at="2023-11-16T14:38:40 EST" name="validateIfSearchItemDisplayed" finished-at="2023-11-16T14:38:43 EST" duration-ms="3259" status="PASS">
          <reporter-output>
          </reporter-output>
        </test-method> <!-- validateIfSearchItemDisplayed -->
        <test-method is-config="true" signature="closeDown()[pri:0, instance:com.naveenautomation.test.MacbookPageTest@17503f6b]" started-at="2023-11-16T14:38:43 EST" name="closeDown" finished-at="2023-11-16T14:38:43 EST" duration-ms="127" status="PASS">
          <reporter-output>
          </reporter-output>
        </test-method> <!-- closeDown -->
      </class> <!-- com.naveenautomation.test.MacbookPageTest -->
      <class name="com.naveenautomation.test.ContactSuccessPageTest">
        <test-method is-config="true" signature="loggerSteup()[pri:0, instance:com.naveenautomation.test.ContactSuccessPageTest@503f91c3]" started-at="2023-11-16T14:37:41 EST" name="loggerSteup" finished-at="2023-11-16T14:37:41 EST" duration-ms="8" status="PASS">
          <reporter-output>
          </reporter-output>
        </test-method> <!-- loggerSteup -->
        <test-method is-config="true" signature="setUp()[pri:0, instance:com.naveenautomation.test.ContactSuccessPageTest@503f91c3]" started-at="2023-11-16T14:37:41 EST" name="setUp" finished-at="2023-11-16T14:37:45 EST" duration-ms="4105" status="PASS">
          <reporter-output>
          </reporter-output>
        </test-method> <!-- setUp -->
        <test-method signature="validateIfUserCanContact()[pri:0, instance:com.naveenautomation.test.ContactSuccessPageTest@503f91c3]" started-at="2023-11-16T14:37:45 EST" name="validateIfUserCanContact" finished-at="2023-11-16T14:37:50 EST" duration-ms="4841" status="PASS">
          <reporter-output>
          </reporter-output>
        </test-method> <!-- validateIfUserCanContact -->
        <test-method is-config="true" signature="closeDown()[pri:0, instance:com.naveenautomation.test.ContactSuccessPageTest@503f91c3]" started-at="2023-11-16T14:37:50 EST" name="closeDown" finished-at="2023-11-16T14:37:50 EST" duration-ms="110" status="PASS">
          <reporter-output>
          </reporter-output>
        </test-method> <!-- closeDown -->
      </class> <!-- com.naveenautomation.test.ContactSuccessPageTest -->
      <class name="com.naveenautomation.test.ProductDetailsPageTest">
        <test-method is-config="true" signature="loggerSteup()[pri:0, instance:com.naveenautomation.test.ProductDetailsPageTest@3bcd05cb]" started-at="2023-11-16T14:38:43 EST" name="loggerSteup" finished-at="2023-11-16T14:38:43 EST" duration-ms="1" status="PASS">
          <reporter-output>
          </reporter-output>
        </test-method> <!-- loggerSteup -->
        <test-method is-config="true" signature="setUp()[pri:0, instance:com.naveenautomation.test.ProductDetailsPageTest@3bcd05cb]" started-at="2023-11-16T14:38:43 EST" name="setUp" finished-at="2023-11-16T14:38:47 EST" duration-ms="4190" status="PASS">
          <reporter-output>
          </reporter-output>
        </test-method> <!-- setUp -->
        <test-method signature="validateCompareProductButton()[pri:0, instance:com.naveenautomation.test.ProductDetailsPageTest@3bcd05cb]" started-at="2023-11-16T14:38:47 EST" name="validateCompareProductButton" finished-at="2023-11-16T14:38:52 EST" duration-ms="4252" status="PASS">
          <reporter-output>
          </reporter-output>
        </test-method> <!-- validateCompareProductButton -->
        <test-method is-config="true" signature="closeDown()[pri:0, instance:com.naveenautomation.test.ProductDetailsPageTest@3bcd05cb]" started-at="2023-11-16T14:38:52 EST" name="closeDown" finished-at="2023-11-16T14:38:52 EST" duration-ms="208" status="PASS">
          <reporter-output>
          </reporter-output>
        </test-method> <!-- closeDown -->
        <test-method is-config="true" signature="setUp()[pri:0, instance:com.naveenautomation.test.ProductDetailsPageTest@3bcd05cb]" started-at="2023-11-16T14:38:52 EST" name="setUp" finished-at="2023-11-16T14:38:57 EST" duration-ms="4946" status="PASS">
          <reporter-output>
          </reporter-output>
        </test-method> <!-- setUp -->
        <test-method signature="validateItemAddToWishlist()[pri:0, instance:com.naveenautomation.test.ProductDetailsPageTest@3bcd05cb]" started-at="2023-11-16T14:38:57 EST" name="validateItemAddToWishlist" finished-at="2023-11-16T14:39:01 EST" duration-ms="3966" status="PASS">
          <reporter-output>
          </reporter-output>
        </test-method> <!-- validateItemAddToWishlist -->
        <test-method is-config="true" signature="closeDown()[pri:0, instance:com.naveenautomation.test.ProductDetailsPageTest@3bcd05cb]" started-at="2023-11-16T14:39:01 EST" name="closeDown" finished-at="2023-11-16T14:39:01 EST" duration-ms="200" status="PASS">
          <reporter-output>
          </reporter-output>
        </test-method> <!-- closeDown -->
        <test-method is-config="true" signature="setUp()[pri:0, instance:com.naveenautomation.test.ProductDetailsPageTest@3bcd05cb]" started-at="2023-11-16T14:39:01 EST" name="setUp" finished-at="2023-11-16T14:39:05 EST" duration-ms="3921" status="PASS">
          <reporter-output>
          </reporter-output>
        </test-method> <!-- setUp -->
        <test-method signature="validatePriceOfProduct()[pri:0, instance:com.naveenautomation.test.ProductDetailsPageTest@3bcd05cb]" started-at="2023-11-16T14:39:05 EST" name="validatePriceOfProduct" finished-at="2023-11-16T14:39:08 EST" duration-ms="3539" status="PASS">
          <reporter-output>
          </reporter-output>
        </test-method> <!-- validatePriceOfProduct -->
        <test-method is-config="true" signature="closeDown()[pri:0, instance:com.naveenautomation.test.ProductDetailsPageTest@3bcd05cb]" started-at="2023-11-16T14:39:08 EST" name="closeDown" finished-at="2023-11-16T14:39:09 EST" duration-ms="208" status="PASS">
          <reporter-output>
          </reporter-output>
        </test-method> <!-- closeDown -->
        <test-method is-config="true" signature="setUp()[pri:0, instance:com.naveenautomation.test.ProductDetailsPageTest@3bcd05cb]" started-at="2023-11-16T14:39:09 EST" name="setUp" finished-at="2023-11-16T14:39:13 EST" duration-ms="4283" status="PASS">
          <reporter-output>
          </reporter-output>
        </test-method> <!-- setUp -->
        <test-method signature="validateTiltleOfProduct()[pri:0, instance:com.naveenautomation.test.ProductDetailsPageTest@3bcd05cb]" started-at="2023-11-16T14:39:13 EST" name="validateTiltleOfProduct" finished-at="2023-11-16T14:39:16 EST" duration-ms="3443" status="PASS">
          <reporter-output>
          </reporter-output>
        </test-method> <!-- validateTiltleOfProduct -->
        <test-method is-config="true" signature="closeDown()[pri:0, instance:com.naveenautomation.test.ProductDetailsPageTest@3bcd05cb]" started-at="2023-11-16T14:39:16 EST" name="closeDown" finished-at="2023-11-16T14:39:16 EST" duration-ms="159" status="PASS">
          <reporter-output>
          </reporter-output>
        </test-method> <!-- closeDown -->
      </class> <!-- com.naveenautomation.test.ProductDetailsPageTest -->
      <class name="com.naveenautomation.test.LogoutPageTest">
        <test-method is-config="true" signature="loggerSteup()[pri:0, instance:com.naveenautomation.test.LogoutPageTest@2235eaab]" started-at="2023-11-16T14:38:28 EST" name="loggerSteup" finished-at="2023-11-16T14:38:28 EST" duration-ms="9" status="PASS">
          <reporter-output>
          </reporter-output>
        </test-method> <!-- loggerSteup -->
        <test-method is-config="true" signature="setUp()[pri:0, instance:com.naveenautomation.test.LogoutPageTest@2235eaab]" started-at="2023-11-16T14:38:28 EST" name="setUp" finished-at="2023-11-16T14:38:32 EST" duration-ms="4185" status="PASS">
          <reporter-output>
          </reporter-output>
        </test-method> <!-- setUp -->
        <test-method signature="validateIfUserCanLogout()[pri:0, instance:com.naveenautomation.test.LogoutPageTest@2235eaab]" started-at="2023-11-16T14:38:32 EST" name="validateIfUserCanLogout" finished-at="2023-11-16T14:38:35 EST" duration-ms="3276" status="PASS">
          <reporter-output>
          </reporter-output>
        </test-method> <!-- validateIfUserCanLogout -->
        <test-method is-config="true" signature="closeDown()[pri:0, instance:com.naveenautomation.test.LogoutPageTest@2235eaab]" started-at="2023-11-16T14:38:35 EST" name="closeDown" finished-at="2023-11-16T14:38:36 EST" duration-ms="136" status="PASS">
          <reporter-output>
          </reporter-output>
        </test-method> <!-- closeDown -->
      </class> <!-- com.naveenautomation.test.LogoutPageTest -->
      <class name="com.naveenautomation.test.LoginPageTest">
        <test-method is-config="true" signature="setUp()[pri:0, instance:com.naveenautomation.test.LoginPageTest@13526e59]" started-at="2023-11-16T14:37:50 EST" name="setUp" finished-at="2023-11-16T14:37:55 EST" duration-ms="4143" status="PASS">
          <reporter-output>
          </reporter-output>
        </test-method> <!-- setUp -->
        <test-method is-config="true" signature="loggerSteup()[pri:0, instance:com.naveenautomation.test.LoginPageTest@13526e59]" started-at="2023-11-16T14:37:50 EST" name="loggerSteup" finished-at="2023-11-16T14:37:50 EST" duration-ms="0" status="PASS">
          <reporter-output>
          </reporter-output>
        </test-method> <!-- loggerSteup -->
        <test-method signature="validateIfUserCanNotLoginIn()[pri:0, instance:com.naveenautomation.test.LoginPageTest@13526e59]" started-at="2023-11-16T14:37:55 EST" name="validateIfUserCanNotLoginIn" finished-at="2023-11-16T14:37:56 EST" duration-ms="1299" status="PASS">
          <reporter-output>
          </reporter-output>
        </test-method> <!-- validateIfUserCanNotLoginIn -->
        <test-method is-config="true" signature="closeDown()[pri:0, instance:com.naveenautomation.test.LoginPageTest@13526e59]" started-at="2023-11-16T14:37:56 EST" name="closeDown" finished-at="2023-11-16T14:37:56 EST" duration-ms="93" status="PASS">
          <reporter-output>
          </reporter-output>
        </test-method> <!-- closeDown -->
        <test-method is-config="true" signature="setUp()[pri:0, instance:com.naveenautomation.test.LoginPageTest@13526e59]" started-at="2023-11-16T14:37:56 EST" name="setUp" finished-at="2023-11-16T14:38:00 EST" duration-ms="4330" status="PASS">
          <reporter-output>
          </reporter-output>
        </test-method> <!-- setUp -->
        <test-method signature="validateLoginCredentials()[pri:0, instance:com.naveenautomation.test.LoginPageTest@13526e59]" started-at="2023-11-16T14:38:00 EST" name="validateLoginCredentials" finished-at="2023-11-16T14:38:02 EST" duration-ms="1915" status="PASS">
          <reporter-output>
          </reporter-output>
        </test-method> <!-- validateLoginCredentials -->
        <test-method is-config="true" signature="closeDown()[pri:0, instance:com.naveenautomation.test.LoginPageTest@13526e59]" started-at="2023-11-16T14:38:02 EST" name="closeDown" finished-at="2023-11-16T14:38:02 EST" duration-ms="208" status="PASS">
          <reporter-output>
          </reporter-output>
        </test-method> <!-- closeDown -->
        <test-method is-config="true" signature="setUp()[pri:0, instance:com.naveenautomation.test.LoginPageTest@13526e59]" started-at="2023-11-16T14:38:03 EST" name="setUp" finished-at="2023-11-16T14:38:08 EST" duration-ms="4523" status="PASS">
          <reporter-output>
          </reporter-output>
        </test-method> <!-- setUp -->
        <test-method signature="valideIfUserCanLoginWithMultipleCredentials(java.lang.String, java.lang.String)[pri:0, instance:com.naveenautomation.test.LoginPageTest@13526e59]" started-at="2023-11-16T14:38:08 EST" name="valideIfUserCanLoginWithMultipleCredentials" data-provider="Userdata" finished-at="2023-11-16T14:38:10 EST" duration-ms="2174" status="PASS">
          <params>
            <param index="0">
              <value>
                <![CDATA[pavitarjit2213@gmail.com]]>
              </value>
            </param>
            <param index="1">
              <value>
                <![CDATA[K@ur7777]]>
              </value>
            </param>
          </params>
          <reporter-output>
          </reporter-output>
        </test-method> <!-- valideIfUserCanLoginWithMultipleCredentials -->
        <test-method is-config="true" signature="closeDown()[pri:0, instance:com.naveenautomation.test.LoginPageTest@13526e59]" started-at="2023-11-16T14:38:10 EST" name="closeDown" finished-at="2023-11-16T14:38:10 EST" duration-ms="103" status="PASS">
          <reporter-output>
          </reporter-output>
        </test-method> <!-- closeDown -->
        <test-method is-config="true" signature="setUp()[pri:0, instance:com.naveenautomation.test.LoginPageTest@13526e59]" started-at="2023-11-16T14:38:10 EST" name="setUp" finished-at="2023-11-16T14:38:14 EST" duration-ms="4417" status="PASS">
          <reporter-output>
          </reporter-output>
        </test-method> <!-- setUp -->
        <test-method signature="valideIfUserCanLoginWithMultipleCredentials(java.lang.String, java.lang.String)[pri:0, instance:com.naveenautomation.test.LoginPageTest@13526e59]" started-at="2023-11-16T14:38:14 EST" name="valideIfUserCanLoginWithMultipleCredentials" data-provider="Userdata" finished-at="2023-11-16T14:38:16 EST" duration-ms="1955" status="PASS">
          <params>
            <param index="0">
              <value>
                <![CDATA[rajdeepkaur451@gmail.com]]>
              </value>
            </param>
            <param index="1">
              <value>
                <![CDATA[K@ur6879]]>
              </value>
            </param>
          </params>
          <reporter-output>
          </reporter-output>
        </test-method> <!-- valideIfUserCanLoginWithMultipleCredentials -->
        <test-method is-config="true" signature="closeDown()[pri:0, instance:com.naveenautomation.test.LoginPageTest@13526e59]" started-at="2023-11-16T14:38:16 EST" name="closeDown" finished-at="2023-11-16T14:38:16 EST" duration-ms="109" status="PASS">
          <reporter-output>
          </reporter-output>
        </test-method> <!-- closeDown -->
        <test-method is-config="true" signature="setUp()[pri:0, instance:com.naveenautomation.test.LoginPageTest@13526e59]" started-at="2023-11-16T14:38:16 EST" name="setUp" finished-at="2023-11-16T14:38:21 EST" duration-ms="4043" status="PASS">
          <reporter-output>
          </reporter-output>
        </test-method> <!-- setUp -->
        <test-method signature="valideIfUserCanLoginWithMultipleCredentials(java.lang.String, java.lang.String)[pri:0, instance:com.naveenautomation.test.LoginPageTest@13526e59]" started-at="2023-11-16T14:38:21 EST" name="valideIfUserCanLoginWithMultipleCredentials" data-provider="Userdata" finished-at="2023-11-16T14:38:22 EST" duration-ms="1326" status="PASS">
          <params>
            <param index="0">
              <value>
                <![CDATA[sarkaria001@gmail.com]]>
              </value>
            </param>
            <param index="1">
              <value>
                <![CDATA[singh@4567]]>
              </value>
            </param>
          </params>
          <reporter-output>
          </reporter-output>
        </test-method> <!-- valideIfUserCanLoginWithMultipleCredentials -->
        <test-method is-config="true" signature="closeDown()[pri:0, instance:com.naveenautomation.test.LoginPageTest@13526e59]" started-at="2023-11-16T14:38:22 EST" name="closeDown" finished-at="2023-11-16T14:38:22 EST" duration-ms="105" status="PASS">
          <reporter-output>
          </reporter-output>
        </test-method> <!-- closeDown -->
        <test-method is-config="true" signature="setUp()[pri:0, instance:com.naveenautomation.test.LoginPageTest@13526e59]" started-at="2023-11-16T14:38:22 EST" name="setUp" finished-at="2023-11-16T14:38:26 EST" duration-ms="4301" status="PASS">
          <reporter-output>
          </reporter-output>
        </test-method> <!-- setUp -->
        <test-method signature="valideIfUserCanLoginWithMultipleCredentials(java.lang.String, java.lang.String)[pri:0, instance:com.naveenautomation.test.LoginPageTest@13526e59]" started-at="2023-11-16T14:38:26 EST" name="valideIfUserCanLoginWithMultipleCredentials" data-provider="Userdata" finished-at="2023-11-16T14:38:28 EST" duration-ms="1552" status="PASS">
          <params>
            <param index="0">
              <value>
                <![CDATA[mandy345@gmail.com]]>
              </value>
            </param>
            <param index="1">
              <value>
                <![CDATA[abcd@123]]>
              </value>
            </param>
          </params>
          <reporter-output>
          </reporter-output>
        </test-method> <!-- valideIfUserCanLoginWithMultipleCredentials -->
        <test-method is-config="true" signature="closeDown()[pri:0, instance:com.naveenautomation.test.LoginPageTest@13526e59]" started-at="2023-11-16T14:38:28 EST" name="closeDown" finished-at="2023-11-16T14:38:28 EST" duration-ms="132" status="PASS">
          <reporter-output>
          </reporter-output>
        </test-method> <!-- closeDown -->
      </class> <!-- com.naveenautomation.test.LoginPageTest -->
    </test> <!-- Surefire test -->
  </suite> <!-- Surefire suite -->
</testng-results>
