<?xml version="1.0" encoding="UTF-8"?>
<testsuite xmlns:xsi="http://www.w3.org/2001/XMLSchema-instance" xsi:noNamespaceSchemaLocation="https://maven.apache.org/surefire/maven-surefire-plugin/xsd/surefire-test-report.xsd" name="TestSuite" time="165.352" tests="20" errors="0" skipped="0" failures="4">
  <properties>
[...]
</properties>
  <testcase name="validateCurrencyChange" classname="com.naveenautomation.test.AccountPageTest" time="2.441">
    <failure message="Currency is not selected as expectd expected [£ Currency] but found [£]" type="java.lang.AssertionError">java.lang.AssertionError: Currency is not selected as expectd expected [£ Currency] but found [£]
	at com.naveenautomation.test.AccountPageTest.validateCurrencyChange(AccountPageTest.java:52)
</failure>
    <system-out><![CDATA[2023-11-15 23:36:28 INFO  TestBase:78 - Finding element using By.cssSelector: input[name='email']
0 [main] INFO com.naveenautomation.base.TestBase  - Finding element using By.cssSelector: input[name='email']
2023-11-15 23:36:28 INFO  TestBase:84 - Found element using By.cssSelector: input[name='email']
15 [main] INFO com.naveenautomation.base.TestBase  - Found element using By.cssSelector: input[name='email']
2023-11-15 23:36:28 INFO  TestBase:78 - Finding element using By.cssSelector: input[name='password']
131 [main] INFO com.naveenautomation.base.TestBase  - Finding element using By.cssSelector: input[name='password']
2023-11-15 23:36:28 INFO  TestBase:84 - Found element using By.cssSelector: input[name='password']
154 [main] INFO com.naveenautomation.base.TestBase  - Found element using By.cssSelector: input[name='password']
2023-11-15 23:36:28 INFO  TestBase:78 - Finding element using By.cssSelector: input[value='Login']
226 [main] INFO com.naveenautomation.base.TestBase  - Finding element using By.cssSelector: input[value='Login']
2023-11-15 23:36:28 INFO  TestBase:84 - Found element using By.cssSelector: input[value='Login']
256 [main] INFO com.naveenautomation.base.TestBase  - Found element using By.cssSelector: input[value='Login']
2023-11-15 23:36:28 INFO  TestBase:90 - Clicking on 
271 [main] INFO com.naveenautomation.base.TestBase  - Clicking on 
2023-11-15 23:36:30 INFO  TestBase:96 - Clicked on [[ChromeDriver: chrome on WINDOWS (ff38318e7e43fe7ce95ce5b261575a66)] -> css selector: input[value='Login']]
1419 [main] INFO com.naveenautomation.base.TestBase  - Clicked on [[ChromeDriver: chrome on WINDOWS (ff38318e7e43fe7ce95ce5b261575a66)] -> css selector: input[value='Login']]
2023-11-15 23:36:30 INFO  TestBase:78 - Finding element using By.cssSelector: button[class='btn btn-link dropdown-toggle']
1426 [main] INFO com.naveenautomation.base.TestBase  - Finding element using By.cssSelector: button[class='btn btn-link dropdown-toggle']
2023-11-15 23:36:30 INFO  TestBase:84 - Found element using By.cssSelector: button[class='btn btn-link dropdown-toggle']
1452 [main] INFO com.naveenautomation.base.TestBase  - Found element using By.cssSelector: button[class='btn btn-link dropdown-toggle']
2023-11-15 23:36:30 INFO  TestBase:90 - Clicking on $  
1464 [main] INFO com.naveenautomation.base.TestBase  - Clicking on $  
2023-11-15 23:36:30 INFO  TestBase:96 - Clicked on [[ChromeDriver: chrome on WINDOWS (ff38318e7e43fe7ce95ce5b261575a66)] -> css selector: button[class='btn btn-link dropdown-toggle']]
1515 [main] INFO com.naveenautomation.base.TestBase  - Clicked on [[ChromeDriver: chrome on WINDOWS (ff38318e7e43fe7ce95ce5b261575a66)] -> css selector: button[class='btn btn-link dropdown-toggle']]
2023-11-15 23:36:30 INFO  TestBase:78 - Finding element using By.cssSelector: ul[class='dropdown-menu']>li:nth-of-type(2)
1515 [main] INFO com.naveenautomation.base.TestBase  - Finding element using By.cssSelector: ul[class='dropdown-menu']>li:nth-of-type(2)
2023-11-15 23:36:30 INFO  TestBase:84 - Found element using By.cssSelector: ul[class='dropdown-menu']>li:nth-of-type(2)
1543 [main] INFO com.naveenautomation.base.TestBase  - Found element using By.cssSelector: ul[class='dropdown-menu']>li:nth-of-type(2)
2023-11-15 23:36:30 INFO  TestBase:90 - Clicking on £ Pound Sterling
1551 [main] INFO com.naveenautomation.base.TestBase  - Clicking on £ Pound Sterling
2023-11-15 23:36:31 INFO  TestBase:96 - Clicked on [[ChromeDriver: chrome on WINDOWS (ff38318e7e43fe7ce95ce5b261575a66)] -> css selector: ul[class='dropdown-menu']>li:nth-of-type(2)]
2377 [main] INFO com.naveenautomation.base.TestBase  - Clicked on [[ChromeDriver: chrome on WINDOWS (ff38318e7e43fe7ce95ce5b261575a66)] -> css selector: ul[class='dropdown-menu']>li:nth-of-type(2)]
2023-11-15 23:36:31 INFO  TestBase:78 - Finding element using By.cssSelector: button[class='btn btn-link dropdown-toggle']
2379 [main] INFO com.naveenautomation.base.TestBase  - Finding element using By.cssSelector: button[class='btn btn-link dropdown-toggle']
2023-11-15 23:36:31 INFO  TestBase:84 - Found element using By.cssSelector: button[class='btn btn-link dropdown-toggle']
2394 [main] INFO com.naveenautomation.base.TestBase  - Found element using By.cssSelector: button[class='btn btn-link dropdown-toggle']
2023-11-15 23:36:31 INFO  TestBase:156 - Getting text on £  
2406 [main] INFO com.naveenautomation.base.TestBase  - Getting text on £  
2023-11-15 23:36:31 INFO  TestBase:162 - Got text on £  
2424 [main] INFO com.naveenautomation.base.TestBase  - Got text on £  
]]></system-out>
    <system-err><![CDATA[SLF4J: No SLF4J providers were found.
SLF4J: Defaulting to no-operation (NOP) logger implementation
SLF4J: See https://www.slf4j.org/codes.html#noProviders for further details.
Starting ChromeDriver 119.0.6045.105 (38c72552c5e15ba9b3117c0967a0fd105072d7c6-refs/branch-heads/6045@{#1103}) on port 49069
Only local connections are allowed.
Please see https://chromedriver.chromium.org/security-considerations for suggestions on keeping ChromeDriver safe.
ChromeDriver was started successfully.
Nov 15, 2023 11:36:24 PM org.openqa.selenium.remote.ProtocolHandshake createSession
INFO: Detected dialect: W3C
]]></system-err>
  </testcase>
  <testcase name="validateNewsletterSubscription" classname="com.naveenautomation.test.AccountPageTest" time="3.147"/>
  <testcase name="validateInvalidCouponCode" classname="com.naveenautomation.test.CheckoutPageTest" time="11.462">
    <failure message="element not interactable&#10;  (Session info: chrome=119.0.6045.160)&#10;Build info: version: &apos;3.141.59&apos;, revision: &apos;e82be7d358&apos;, time: &apos;2018-11-14T08:17:03&apos;&#10;System info: host: &apos;DESKTOP-E9NU9A2&apos;, ip: &apos;10.0.0.170&apos;, os.name: &apos;Windows 11&apos;, os.arch: &apos;amd64&apos;, os.version: &apos;10.0&apos;, java.version: &apos;11.0.16&apos;&#10;Driver info: org.openqa.selenium.chrome.ChromeDriver&#10;Capabilities {acceptInsecureCerts: false, browserName: chrome, browserVersion: 119.0.6045.160, chrome: {chromedriverVersion: 119.0.6045.105 (38c72552c5e..., userDataDir: C:\Windows\SystemTemp\scope...}, fedcm:accounts: true, goog:chromeOptions: {debuggerAddress: localhost:51220}, javascriptEnabled: true, networkConnectionEnabled: false, pageLoadStrategy: normal, platform: WINDOWS, platformName: WINDOWS, proxy: Proxy(), setWindowRect: true, strictFileInteractability: false, timeouts: {implicit: 0, pageLoad: 300000, script: 30000}, unhandledPromptBehavior: dismiss and notify, webauthn:extension:credBlob: true, webauthn:extension:largeBlob: true, webauthn:extension:minPinLength: true, webauthn:extension:prf: true, webauthn:virtualAuthenticators: true}&#10;Session ID: 47157fb468416aff4cb0d109c7fc3a04" type="org.openqa.selenium.ElementNotInteractableException">org.openqa.selenium.ElementNotInteractableException: 
element not interactable
  (Session info: chrome=119.0.6045.160)
Build info: version: '3.141.59', revision: 'e82be7d358', time: '2018-11-14T08:17:03'
System info: host: 'DESKTOP-E9NU9A2', ip: '10.0.0.170', os.name: 'Windows 11', os.arch: 'amd64', os.version: '10.0', java.version: '11.0.16'
Driver info: org.openqa.selenium.chrome.ChromeDriver
Capabilities {acceptInsecureCerts: false, browserName: chrome, browserVersion: 119.0.6045.160, chrome: {chromedriverVersion: 119.0.6045.105 (38c72552c5e..., userDataDir: C:\Windows\SystemTemp\scope...}, fedcm:accounts: true, goog:chromeOptions: {debuggerAddress: localhost:51220}, javascriptEnabled: true, networkConnectionEnabled: false, pageLoadStrategy: normal, platform: WINDOWS, platformName: WINDOWS, proxy: Proxy(), setWindowRect: true, strictFileInteractability: false, timeouts: {implicit: 0, pageLoad: 300000, script: 30000}, unhandledPromptBehavior: dismiss and notify, webauthn:extension:credBlob: true, webauthn:extension:largeBlob: true, webauthn:extension:minPinLength: true, webauthn:extension:prf: true, webauthn:virtualAuthenticators: true}
Session ID: 47157fb468416aff4cb0d109c7fc3a04
	at com.naveenautomation.test.CheckoutPageTest.validateInvalidCouponCode(CheckoutPageTest.java:26)
</failure>
    <system-out><![CDATA[2023-11-15 23:36:43 INFO  TestBase:78 - Finding element using By.cssSelector: input[name='email']
14501 [main] INFO com.naveenautomation.base.TestBase  - Finding element using By.cssSelector: input[name='email']
2023-11-15 23:36:43 INFO  TestBase:84 - Found element using By.cssSelector: input[name='email']
14526 [main] INFO com.naveenautomation.base.TestBase  - Found element using By.cssSelector: input[name='email']
2023-11-15 23:36:43 INFO  TestBase:78 - Finding element using By.cssSelector: input[name='password']
14613 [main] INFO com.naveenautomation.base.TestBase  - Finding element using By.cssSelector: input[name='password']
2023-11-15 23:36:43 INFO  TestBase:84 - Found element using By.cssSelector: input[name='password']
14629 [main] INFO com.naveenautomation.base.TestBase  - Found element using By.cssSelector: input[name='password']
2023-11-15 23:36:43 INFO  TestBase:78 - Finding element using By.cssSelector: input[value='Login']
14681 [main] INFO com.naveenautomation.base.TestBase  - Finding element using By.cssSelector: input[value='Login']
2023-11-15 23:36:43 INFO  TestBase:84 - Found element using By.cssSelector: input[value='Login']
14696 [main] INFO com.naveenautomation.base.TestBase  - Found element using By.cssSelector: input[value='Login']
2023-11-15 23:36:43 INFO  TestBase:90 - Clicking on 
14710 [main] INFO com.naveenautomation.base.TestBase  - Clicking on 
2023-11-15 23:36:44 INFO  TestBase:96 - Clicked on [[ChromeDriver: chrome on WINDOWS (47157fb468416aff4cb0d109c7fc3a04)] -> css selector: input[value='Login']]
15826 [main] INFO com.naveenautomation.base.TestBase  - Clicked on [[ChromeDriver: chrome on WINDOWS (47157fb468416aff4cb0d109c7fc3a04)] -> css selector: input[value='Login']]
2023-11-15 23:36:44 INFO  TestBase:78 - Finding element using By.xpath: //span[text()='Shopping Cart']
15827 [main] INFO com.naveenautomation.base.TestBase  - Finding element using By.xpath: //span[text()='Shopping Cart']
2023-11-15 23:36:44 INFO  TestBase:84 - Found element using By.xpath: //span[text()='Shopping Cart']
15854 [main] INFO com.naveenautomation.base.TestBase  - Found element using By.xpath: //span[text()='Shopping Cart']
2023-11-15 23:36:44 INFO  TestBase:90 - Clicking on 
15862 [main] INFO com.naveenautomation.base.TestBase  - Clicking on 
]]></system-out>
    <system-err><![CDATA[Starting ChromeDriver 119.0.6045.105 (38c72552c5e15ba9b3117c0967a0fd105072d7c6-refs/branch-heads/6045@{#1103}) on port 28617
Only local connections are allowed.
Please see https://chromedriver.chromium.org/security-considerations for suggestions on keeping ChromeDriver safe.
ChromeDriver was started successfully.
Nov 15, 2023 11:36:38 PM org.openqa.selenium.remote.ProtocolHandshake createSession
INFO: Detected dialect: W3C
]]></system-err>
  </testcase>
  <testcase name="validateIfUserCanContact" classname="com.naveenautomation.test.ContactSuccessPageTest" time="4.883"/>
  <testcase name="validateIfUserCanNotLoginIn" classname="com.naveenautomation.test.LoginPageTest" time="0.797"/>
  <testcase name="validateLoginCredentials" classname="com.naveenautomation.test.LoginPageTest" time="1.315"/>
  <testcase name="valideIfUserCanLoginWithMultipleCredentials" classname="com.naveenautomation.test.LoginPageTest" time="1.386"/>
  <testcase name="valideIfUserCanLoginWithMultipleCredentials" classname="com.naveenautomation.test.LoginPageTest" time="1.411"/>
  <testcase name="valideIfUserCanLoginWithMultipleCredentials" classname="com.naveenautomation.test.LoginPageTest" time="1.187"/>
  <testcase name="valideIfUserCanLoginWithMultipleCredentials" classname="com.naveenautomation.test.LoginPageTest" time="1.984"/>
  <testcase name="validateIfUserCanLogout" classname="com.naveenautomation.test.LogoutPageTest" time="2.724"/>
  <testcase name="validateIfSearchItemDisplayed" classname="com.naveenautomation.test.MacbookPageTest" time="3.709"/>
  <testcase name="validateAddToCart" classname="com.naveenautomation.test.ProductDetailsPageTest" time="13.348">
    <failure message="element not interactable&#10;  (Session info: chrome=119.0.6045.160)&#10;Build info: version: &apos;3.141.59&apos;, revision: &apos;e82be7d358&apos;, time: &apos;2018-11-14T08:17:03&apos;&#10;System info: host: &apos;DESKTOP-E9NU9A2&apos;, ip: &apos;10.0.0.170&apos;, os.name: &apos;Windows 11&apos;, os.arch: &apos;amd64&apos;, os.version: &apos;10.0&apos;, java.version: &apos;11.0.16&apos;&#10;Driver info: org.openqa.selenium.chrome.ChromeDriver&#10;Capabilities {acceptInsecureCerts: false, browserName: chrome, browserVersion: 119.0.6045.160, chrome: {chromedriverVersion: 119.0.6045.105 (38c72552c5e..., userDataDir: C:\Windows\SystemTemp\scope...}, fedcm:accounts: true, goog:chromeOptions: {debuggerAddress: localhost:51431}, javascriptEnabled: true, networkConnectionEnabled: false, pageLoadStrategy: normal, platform: WINDOWS, platformName: WINDOWS, proxy: Proxy(), setWindowRect: true, strictFileInteractability: false, timeouts: {implicit: 0, pageLoad: 300000, script: 30000}, unhandledPromptBehavior: dismiss and notify, webauthn:extension:credBlob: true, webauthn:extension:largeBlob: true, webauthn:extension:minPinLength: true, webauthn:extension:prf: true, webauthn:virtualAuthenticators: true}&#10;Session ID: a29e4998d42aa90b513eb0f7fee6b917" type="org.openqa.selenium.ElementNotInteractableException">org.openqa.selenium.ElementNotInteractableException: 
element not interactable
  (Session info: chrome=119.0.6045.160)
Build info: version: '3.141.59', revision: 'e82be7d358', time: '2018-11-14T08:17:03'
System info: host: 'DESKTOP-E9NU9A2', ip: '10.0.0.170', os.name: 'Windows 11', os.arch: 'amd64', os.version: '10.0', java.version: '11.0.16'
Driver info: org.openqa.selenium.chrome.ChromeDriver
Capabilities {acceptInsecureCerts: false, browserName: chrome, browserVersion: 119.0.6045.160, chrome: {chromedriverVersion: 119.0.6045.105 (38c72552c5e..., userDataDir: C:\Windows\SystemTemp\scope...}, fedcm:accounts: true, goog:chromeOptions: {debuggerAddress: localhost:51431}, javascriptEnabled: true, networkConnectionEnabled: false, pageLoadStrategy: normal, platform: WINDOWS, platformName: WINDOWS, proxy: Proxy(), setWindowRect: true, strictFileInteractability: false, timeouts: {implicit: 0, pageLoad: 300000, script: 30000}, unhandledPromptBehavior: dismiss and notify, webauthn:extension:credBlob: true, webauthn:extension:largeBlob: true, webauthn:extension:minPinLength: true, webauthn:extension:prf: true, webauthn:virtualAuthenticators: true}
Session ID: a29e4998d42aa90b513eb0f7fee6b917
	at com.naveenautomation.test.ProductDetailsPageTest.validateAddToCart(ProductDetailsPageTest.java:40)
</failure>
    <system-out><![CDATA[2023-11-15 23:37:54 INFO  TestBase:78 - Finding element using By.cssSelector: input[name='email']
86210 [main] INFO com.naveenautomation.base.TestBase  - Finding element using By.cssSelector: input[name='email']
2023-11-15 23:37:54 INFO  TestBase:84 - Found element using By.cssSelector: input[name='email']
86235 [main] INFO com.naveenautomation.base.TestBase  - Found element using By.cssSelector: input[name='email']
2023-11-15 23:37:54 INFO  TestBase:78 - Finding element using By.cssSelector: input[name='password']
86319 [main] INFO com.naveenautomation.base.TestBase  - Finding element using By.cssSelector: input[name='password']
2023-11-15 23:37:54 INFO  TestBase:84 - Found element using By.cssSelector: input[name='password']
86350 [main] INFO com.naveenautomation.base.TestBase  - Found element using By.cssSelector: input[name='password']
2023-11-15 23:37:55 INFO  TestBase:78 - Finding element using By.cssSelector: input[value='Login']
86406 [main] INFO com.naveenautomation.base.TestBase  - Finding element using By.cssSelector: input[value='Login']
2023-11-15 23:37:55 INFO  TestBase:84 - Found element using By.cssSelector: input[value='Login']
86421 [main] INFO com.naveenautomation.base.TestBase  - Found element using By.cssSelector: input[value='Login']
2023-11-15 23:37:55 INFO  TestBase:90 - Clicking on 
86435 [main] INFO com.naveenautomation.base.TestBase  - Clicking on 
2023-11-15 23:37:56 INFO  TestBase:96 - Clicked on [[ChromeDriver: chrome on WINDOWS (a29e4998d42aa90b513eb0f7fee6b917)] -> css selector: input[value='Login']]
88063 [main] INFO com.naveenautomation.base.TestBase  - Clicked on [[ChromeDriver: chrome on WINDOWS (a29e4998d42aa90b513eb0f7fee6b917)] -> css selector: input[value='Login']]
2023-11-15 23:37:56 INFO  TestBase:78 - Finding element using By.cssSelector: ul[class='nav navbar-nav']>li:first-of-type
88064 [main] INFO com.naveenautomation.base.TestBase  - Finding element using By.cssSelector: ul[class='nav navbar-nav']>li:first-of-type
2023-11-15 23:37:56 INFO  TestBase:84 - Found element using By.cssSelector: ul[class='nav navbar-nav']>li:first-of-type
88092 [main] INFO com.naveenautomation.base.TestBase  - Found element using By.cssSelector: ul[class='nav navbar-nav']>li:first-of-type
2023-11-15 23:37:56 INFO  TestBase:90 - Clicking on Desktops
88106 [main] INFO com.naveenautomation.base.TestBase  - Clicking on Desktops
2023-11-15 23:37:56 INFO  TestBase:96 - Clicked on [[ChromeDriver: chrome on WINDOWS (a29e4998d42aa90b513eb0f7fee6b917)] -> css selector: ul[class='nav navbar-nav']>li:first-of-type]
88148 [main] INFO com.naveenautomation.base.TestBase  - Clicked on [[ChromeDriver: chrome on WINDOWS (a29e4998d42aa90b513eb0f7fee6b917)] -> css selector: ul[class='nav navbar-nav']>li:first-of-type]
2023-11-15 23:37:56 INFO  TestBase:78 - Finding element using By.cssSelector: ul[class='nav navbar-nav']>li:first-of-type>div>div>ul>li:nth-of-type(2)
88148 [main] INFO com.naveenautomation.base.TestBase  - Finding element using By.cssSelector: ul[class='nav navbar-nav']>li:first-of-type>div>div>ul>li:nth-of-type(2)
2023-11-15 23:37:56 INFO  TestBase:84 - Found element using By.cssSelector: ul[class='nav navbar-nav']>li:first-of-type>div>div>ul>li:nth-of-type(2)
88173 [main] INFO com.naveenautomation.base.TestBase  - Found element using By.cssSelector: ul[class='nav navbar-nav']>li:first-of-type>div>div>ul>li:nth-of-type(2)
2023-11-15 23:37:56 INFO  TestBase:90 - Clicking on Mac (1)
88182 [main] INFO com.naveenautomation.base.TestBase  - Clicking on Mac (1)
2023-11-15 23:37:58 INFO  TestBase:96 - Clicked on [[ChromeDriver: chrome on WINDOWS (a29e4998d42aa90b513eb0f7fee6b917)] -> css selector: ul[class='nav navbar-nav']>li:first-of-type>div>div>ul>li:nth-of-type(2)]
89473 [main] INFO com.naveenautomation.base.TestBase  - Clicked on [[ChromeDriver: chrome on WINDOWS (a29e4998d42aa90b513eb0f7fee6b917)] -> css selector: ul[class='nav navbar-nav']>li:first-of-type>div>div>ul>li:nth-of-type(2)]
2023-11-15 23:37:58 INFO  TestBase:78 - Finding element using By.xpath: //span[text()='Add to Cart']
89473 [main] INFO com.naveenautomation.base.TestBase  - Finding element using By.xpath: //span[text()='Add to Cart']
2023-11-15 23:37:58 INFO  TestBase:84 - Found element using By.xpath: //span[text()='Add to Cart']
89499 [main] INFO com.naveenautomation.base.TestBase  - Found element using By.xpath: //span[text()='Add to Cart']
2023-11-15 23:37:58 INFO  TestBase:90 - Clicking on 
89508 [main] INFO com.naveenautomation.base.TestBase  - Clicking on 
]]></system-out>
    <system-err><![CDATA[Starting ChromeDriver 119.0.6045.105 (38c72552c5e15ba9b3117c0967a0fd105072d7c6-refs/branch-heads/6045@{#1103}) on port 30964
Only local connections are allowed.
Please see https://chromedriver.chromium.org/security-considerations for suggestions on keeping ChromeDriver safe.
ChromeDriver was started successfully.
Nov 15, 2023 11:37:51 PM org.openqa.selenium.remote.ProtocolHandshake createSession
INFO: Detected dialect: W3C
]]></system-err>
  </testcase>
  <testcase name="validateCompareProductButton" classname="com.naveenautomation.test.ProductDetailsPageTest" time="4.392"/>
  <testcase name="validateItemAddToWishlist" classname="com.naveenautomation.test.ProductDetailsPageTest" time="3.592"/>
  <testcase name="validatePriceOfProduct" classname="com.naveenautomation.test.ProductDetailsPageTest" time="2.589"/>
  <testcase name="validateTiltleOfProduct" classname="com.naveenautomation.test.ProductDetailsPageTest" time="2.953"/>
  <testcase name="validateIfUserdidAReturn" classname="com.naveenautomation.test.ReturnPageTest" time="1.907"/>
  <testcase name="validateNumberOfRewardPoints" classname="com.naveenautomation.test.RewardPageTest" time="2.175"/>
  <testcase name="validateModificationInWishList" classname="com.naveenautomation.test.WishlistPageTest" time="14.188">
    <failure message="element not interactable&#10;  (Session info: chrome=119.0.6045.160)&#10;Build info: version: &apos;3.141.59&apos;, revision: &apos;e82be7d358&apos;, time: &apos;2018-11-14T08:17:03&apos;&#10;System info: host: &apos;DESKTOP-E9NU9A2&apos;, ip: &apos;10.0.0.170&apos;, os.name: &apos;Windows 11&apos;, os.arch: &apos;amd64&apos;, os.version: &apos;10.0&apos;, java.version: &apos;11.0.16&apos;&#10;Driver info: org.openqa.selenium.chrome.ChromeDriver&#10;Capabilities {acceptInsecureCerts: false, browserName: chrome, browserVersion: 119.0.6045.160, chrome: {chromedriverVersion: 119.0.6045.105 (38c72552c5e..., userDataDir: C:\Windows\SystemTemp\scope...}, fedcm:accounts: true, goog:chromeOptions: {debuggerAddress: localhost:51577}, javascriptEnabled: true, networkConnectionEnabled: false, pageLoadStrategy: normal, platform: WINDOWS, platformName: WINDOWS, proxy: Proxy(), setWindowRect: true, strictFileInteractability: false, timeouts: {implicit: 0, pageLoad: 300000, script: 30000}, unhandledPromptBehavior: dismiss and notify, webauthn:extension:credBlob: true, webauthn:extension:largeBlob: true, webauthn:extension:minPinLength: true, webauthn:extension:prf: true, webauthn:virtualAuthenticators: true}&#10;Session ID: a36c0819346a846205ee41b7dc44094a" type="org.openqa.selenium.ElementNotInteractableException">org.openqa.selenium.ElementNotInteractableException: 
element not interactable
  (Session info: chrome=119.0.6045.160)
Build info: version: '3.141.59', revision: 'e82be7d358', time: '2018-11-14T08:17:03'
System info: host: 'DESKTOP-E9NU9A2', ip: '10.0.0.170', os.name: 'Windows 11', os.arch: 'amd64', os.version: '10.0', java.version: '11.0.16'
Driver info: org.openqa.selenium.chrome.ChromeDriver
Capabilities {acceptInsecureCerts: false, browserName: chrome, browserVersion: 119.0.6045.160, chrome: {chromedriverVersion: 119.0.6045.105 (38c72552c5e..., userDataDir: C:\Windows\SystemTemp\scope...}, fedcm:accounts: true, goog:chromeOptions: {debuggerAddress: localhost:51577}, javascriptEnabled: true, networkConnectionEnabled: false, pageLoadStrategy: normal, platform: WINDOWS, platformName: WINDOWS, proxy: Proxy(), setWindowRect: true, strictFileInteractability: false, timeouts: {implicit: 0, pageLoad: 300000, script: 30000}, unhandledPromptBehavior: dismiss and notify, webauthn:extension:credBlob: true, webauthn:extension:largeBlob: true, webauthn:extension:minPinLength: true, webauthn:extension:prf: true, webauthn:virtualAuthenticators: true}
Session ID: a36c0819346a846205ee41b7dc44094a
	at com.naveenautomation.test.WishlistPageTest.validateModificationInWishList(WishlistPageTest.java:28)
</failure>
    <system-out><![CDATA[2023-11-15 23:38:53 INFO  TestBase:78 - Finding element using By.cssSelector: input[name='email']
144897 [main] INFO com.naveenautomation.base.TestBase  - Finding element using By.cssSelector: input[name='email']
2023-11-15 23:38:53 INFO  TestBase:84 - Found element using By.cssSelector: input[name='email']
144922 [main] INFO com.naveenautomation.base.TestBase  - Found element using By.cssSelector: input[name='email']
2023-11-15 23:38:53 INFO  TestBase:78 - Finding element using By.cssSelector: input[name='password']
145007 [main] INFO com.naveenautomation.base.TestBase  - Finding element using By.cssSelector: input[name='password']
2023-11-15 23:38:53 INFO  TestBase:84 - Found element using By.cssSelector: input[name='password']
145020 [main] INFO com.naveenautomation.base.TestBase  - Found element using By.cssSelector: input[name='password']
2023-11-15 23:38:53 INFO  TestBase:78 - Finding element using By.cssSelector: input[value='Login']
145072 [main] INFO com.naveenautomation.base.TestBase  - Finding element using By.cssSelector: input[value='Login']
2023-11-15 23:38:53 INFO  TestBase:84 - Found element using By.cssSelector: input[value='Login']
145100 [main] INFO com.naveenautomation.base.TestBase  - Found element using By.cssSelector: input[value='Login']
2023-11-15 23:38:53 INFO  TestBase:90 - Clicking on 
145113 [main] INFO com.naveenautomation.base.TestBase  - Clicking on 
2023-11-15 23:38:55 INFO  TestBase:96 - Clicked on [[ChromeDriver: chrome on WINDOWS (a36c0819346a846205ee41b7dc44094a)] -> css selector: input[value='Login']]
147158 [main] INFO com.naveenautomation.base.TestBase  - Clicked on [[ChromeDriver: chrome on WINDOWS (a36c0819346a846205ee41b7dc44094a)] -> css selector: input[value='Login']]
2023-11-15 23:38:55 INFO  TestBase:78 - Finding element using By.cssSelector: ul[class='nav navbar-nav']>li:first-of-type
147160 [main] INFO com.naveenautomation.base.TestBase  - Finding element using By.cssSelector: ul[class='nav navbar-nav']>li:first-of-type
2023-11-15 23:38:55 INFO  TestBase:84 - Found element using By.cssSelector: ul[class='nav navbar-nav']>li:first-of-type
147212 [main] INFO com.naveenautomation.base.TestBase  - Found element using By.cssSelector: ul[class='nav navbar-nav']>li:first-of-type
2023-11-15 23:38:55 INFO  TestBase:90 - Clicking on Desktops
147229 [main] INFO com.naveenautomation.base.TestBase  - Clicking on Desktops
2023-11-15 23:38:55 INFO  TestBase:96 - Clicked on [[ChromeDriver: chrome on WINDOWS (a36c0819346a846205ee41b7dc44094a)] -> css selector: ul[class='nav navbar-nav']>li:first-of-type]
147279 [main] INFO com.naveenautomation.base.TestBase  - Clicked on [[ChromeDriver: chrome on WINDOWS (a36c0819346a846205ee41b7dc44094a)] -> css selector: ul[class='nav navbar-nav']>li:first-of-type]
2023-11-15 23:38:55 INFO  TestBase:78 - Finding element using By.cssSelector: ul[class='nav navbar-nav']>li:first-of-type>div>div>ul>li:nth-of-type(2)
147279 [main] INFO com.naveenautomation.base.TestBase  - Finding element using By.cssSelector: ul[class='nav navbar-nav']>li:first-of-type>div>div>ul>li:nth-of-type(2)
2023-11-15 23:38:55 INFO  TestBase:84 - Found element using By.cssSelector: ul[class='nav navbar-nav']>li:first-of-type>div>div>ul>li:nth-of-type(2)
147306 [main] INFO com.naveenautomation.base.TestBase  - Found element using By.cssSelector: ul[class='nav navbar-nav']>li:first-of-type>div>div>ul>li:nth-of-type(2)
2023-11-15 23:38:55 INFO  TestBase:90 - Clicking on Mac (1)
147315 [main] INFO com.naveenautomation.base.TestBase  - Clicking on Mac (1)
2023-11-15 23:38:57 INFO  TestBase:96 - Clicked on [[ChromeDriver: chrome on WINDOWS (a36c0819346a846205ee41b7dc44094a)] -> css selector: ul[class='nav navbar-nav']>li:first-of-type>div>div>ul>li:nth-of-type(2)]
148850 [main] INFO com.naveenautomation.base.TestBase  - Clicked on [[ChromeDriver: chrome on WINDOWS (a36c0819346a846205ee41b7dc44094a)] -> css selector: ul[class='nav navbar-nav']>li:first-of-type>div>div>ul>li:nth-of-type(2)]
2023-11-15 23:38:57 INFO  TestBase:78 - Finding element using By.cssSelector: button[data-original-title='Add to Wish List']
148851 [main] INFO com.naveenautomation.base.TestBase  - Finding element using By.cssSelector: button[data-original-title='Add to Wish List']
2023-11-15 23:38:57 INFO  TestBase:84 - Found element using By.cssSelector: button[data-original-title='Add to Wish List']
148873 [main] INFO com.naveenautomation.base.TestBase  - Found element using By.cssSelector: button[data-original-title='Add to Wish List']
2023-11-15 23:38:57 INFO  TestBase:90 - Clicking on 
148883 [main] INFO com.naveenautomation.base.TestBase  - Clicking on 
2023-11-15 23:38:57 INFO  TestBase:96 - Clicked on [[ChromeDriver: chrome on WINDOWS (a36c0819346a846205ee41b7dc44094a)] -> css selector: button[data-original-title='Add to Wish List']]
148934 [main] INFO com.naveenautomation.base.TestBase  - Clicked on [[ChromeDriver: chrome on WINDOWS (a36c0819346a846205ee41b7dc44094a)] -> css selector: button[data-original-title='Add to Wish List']]
2023-11-15 23:38:57 INFO  TestBase:78 - Finding element using By.xpath: //span[text()='Wish List (1)']
148934 [main] INFO com.naveenautomation.base.TestBase  - Finding element using By.xpath: //span[text()='Wish List (1)']
2023-11-15 23:38:57 INFO  TestBase:84 - Found element using By.xpath: //span[text()='Wish List (1)']
148958 [main] INFO com.naveenautomation.base.TestBase  - Found element using By.xpath: //span[text()='Wish List (1)']
2023-11-15 23:38:57 INFO  TestBase:90 - Clicking on 
148966 [main] INFO com.naveenautomation.base.TestBase  - Clicking on 
]]></system-out>
    <system-err><![CDATA[Starting ChromeDriver 119.0.6045.105 (38c72552c5e15ba9b3117c0967a0fd105072d7c6-refs/branch-heads/6045@{#1103}) on port 24866
Only local connections are allowed.
Please see https://chromedriver.chromium.org/security-considerations for suggestions on keeping ChromeDriver safe.
ChromeDriver was started successfully.
Nov 15, 2023 11:38:50 PM org.openqa.selenium.remote.ProtocolHandshake createSession
INFO: Detected dialect: W3C
]]></system-err>
  </testcase>
</testsuite>