<?xml version="1.0" encoding="UTF-8"?>
<testsuite xmlns:xsi="http://www.w3.org/2001/XMLSchema-instance" xsi:noNamespaceSchemaLocation="https://maven.apache.org/surefire/maven-surefire-plugin/xsd/surefire-test-report.xsd" name="TestSuite" time="116.636" tests="15" errors="0" skipped="0" failures="0">
  <properties>
[...]
</properties>
  <testcase name="validateNewsletterSubscription" classname="com.naveenautomation.test.AccountPageTest" time="4.443"/>
  <testcase name="validateIfUserCanContact" classname="com.naveenautomation.test.ContactSuccessPageTest" time="4.841"/>
  <testcase name="validateIfUserCanNotLoginIn" classname="com.naveenautomation.test.LoginPageTest" time="1.299"/>
  <testcase name="validateLoginCredentials" classname="com.naveenautomation.test.LoginPageTest" time="1.915"/>
  <testcase name="valideIfUserCanLoginWithMultipleCredentials" classname="com.naveenautomation.test.LoginPageTest" time="2.171"/>
  <testcase name="valideIfUserCanLoginWithMultipleCredentials" classname="com.naveenautomation.test.LoginPageTest" time="1.955"/>
  <testcase name="valideIfUserCanLoginWithMultipleCredentials" classname="com.naveenautomation.test.LoginPageTest" time="1.328"/>
  <testcase name="valideIfUserCanLoginWithMultipleCredentials" classname="com.naveenautomation.test.LoginPageTest" time="1.552"/>
  <testcase name="validateIfUserCanLogout" classname="com.naveenautomation.test.LogoutPageTest" time="3.276"/>
  <testcase name="validateIfSearchItemDisplayed" classname="com.naveenautomation.test.MacbookPageTest" time="3.259"/>
  <testcase name="validateCompareProductButton" classname="com.naveenautomation.test.ProductDetailsPageTest" time="4.252"/>
  <testcase name="validateItemAddToWishlist" classname="com.naveenautomation.test.ProductDetailsPageTest" time="3.966"/>
  <testcase name="validatePriceOfProduct" classname="com.naveenautomation.test.ProductDetailsPageTest" time="3.539"/>
  <testcase name="validateTiltleOfProduct" classname="com.naveenautomation.test.ProductDetailsPageTest" time="3.443"/>
  <testcase name="validateNumberOfRewardPoints" classname="com.naveenautomation.test.RewardPageTest" time="2.952"/>
</testsuite>